  [1m[36m (1.4ms)[0m  [1mCREATE TABLE "schema_migrations" ("version" varchar NOT NULL) [0m
  [1m[35m (0.1ms)[0m  select sqlite_version(*)
  [1m[36m (1.1ms)[0m  [1mCREATE UNIQUE INDEX "unique_schema_migrations" ON "schema_migrations" ("version")[0m
  [1m[35mActiveRecord::SchemaMigration Load (0.1ms)[0m  SELECT "schema_migrations".* FROM "schema_migrations"


Started GET "/" for ::1 at 2015-11-16 16:12:00 -0600
Processing by Rails::WelcomeController#index as HTML
  Rendered /Users/admin/.rvm/gems/ruby-2.1.2/gems/railties-4.2.3/lib/rails/templates/rails/welcome/index.html.erb (1.9ms)
Completed 200 OK in 48ms (Views: 36.7ms | ActiveRecord: 0.0ms)
Started GET "/" for ::1 at 2019-04-04 15:43:04 -0400
Processing by Rails::WelcomeController#index as HTML
  Parameters: {"internal"=>true}
  Rendering /Users/yevgeniy/.rvm/gems/ruby-2.6.1/gems/railties-5.0.7.1/lib/rails/templates/rails/welcome/index.html.erb
  Rendered /Users/yevgeniy/.rvm/gems/ruby-2.6.1/gems/railties-5.0.7.1/lib/rails/templates/rails/welcome/index.html.erb (4.2ms)
Completed 200 OK in 25ms (Views: 17.7ms | ActiveRecord: 0.0ms)


Started GET "/hello_world" for ::1 at 2019-04-04 15:43:12 -0400
Processing by StaticController#hello_world as HTML
Completed 500 Internal Server Error in 4ms (ActiveRecord: 0.0ms)


  
ActionView::MissingTemplate (Missing template static/application.html, application/application.html with {:locale=>[:en], :formats=>[:html], :variants=>[], :handlers=>[:raw, :erb, :html, :builder, :ruby, :coffee, :jbuilder]}. Searched in:
  * "/Users/yevgeniy/Development/rails/rails-hello-world-lab-nyc-web-career-031119/app/views"
):
  
app/controllers/application_controller.rb:6:in `hello_world'
  Rendering /Users/yevgeniy/.rvm/gems/ruby-2.6.1/gems/actionpack-5.0.7.1/lib/action_dispatch/middleware/templates/rescues/missing_template.html.erb within rescues/layout
  Rendering /Users/yevgeniy/.rvm/gems/ruby-2.6.1/gems/actionpack-5.0.7.1/lib/action_dispatch/middleware/templates/rescues/_source.html.erb
  Rendered /Users/yevgeniy/.rvm/gems/ruby-2.6.1/gems/actionpack-5.0.7.1/lib/action_dispatch/middleware/templates/rescues/_source.html.erb (2.9ms)
  Rendering /Users/yevgeniy/.rvm/gems/ruby-2.6.1/gems/actionpack-5.0.7.1/lib/action_dispatch/middleware/templates/rescues/_trace.html.erb
  Rendered /Users/yevgeniy/.rvm/gems/ruby-2.6.1/gems/actionpack-5.0.7.1/lib/action_dispatch/middleware/templates/rescues/_trace.html.erb (1.1ms)
  Rendering /Users/yevgeniy/.rvm/gems/ruby-2.6.1/gems/actionpack-5.0.7.1/lib/action_dispatch/middleware/templates/rescues/_request_and_response.html.erb
  Rendered /Users/yevgeniy/.rvm/gems/ruby-2.6.1/gems/actionpack-5.0.7.1/lib/action_dispatch/middleware/templates/rescues/_request_and_response.html.erb (0.5ms)
  Rendered /Users/yevgeniy/.rvm/gems/ruby-2.6.1/gems/actionpack-5.0.7.1/lib/action_dispatch/middleware/templates/rescues/missing_template.html.erb within rescues/layout (27.1ms)
Started GET "/hello_world" for ::1 at 2019-04-04 15:43:59 -0400
Processing by StaticController#hello_world as HTML
  Rendering static/application.html within layouts/application
  Rendered static/application.html within layouts/application (0.3ms)
Completed 200 OK in 351ms (Views: 351.0ms | ActiveRecord: 0.0ms)


Started GET "/hello_world" for ::1 at 2019-04-04 15:44:02 -0400
Processing by StaticController#hello_world as HTML
  Rendering static/application.html within layouts/application
  Rendered static/application.html within layouts/application (0.3ms)
Completed 200 OK in 13ms (Views: 11.4ms | ActiveRecord: 0.0ms)


Started GET "/hello_world" for ::1 at 2019-04-04 15:44:11 -0400
Processing by StaticController#hello_world as HTML
  Rendering static/application.html within layouts/application
  Rendered static/application.html within layouts/application (0.2ms)
Completed 200 OK in 9ms (Views: 8.6ms | ActiveRecord: 0.0ms)


Started GET "/hello_world" for ::1 at 2019-04-04 15:45:06 -0400
Processing by StaticController#hello_world as HTML
  Rendering static/application.html within layouts/application
  Rendered static/application.html within layouts/application (0.3ms)
Completed 200 OK in 12ms (Views: 11.8ms | ActiveRecord: 0.0ms)


Started GET "/hello_world" for ::1 at 2019-04-04 15:45:07 -0400
Processing by StaticController#hello_world as HTML
  Rendering static/application.html within layouts/application
  Rendered static/application.html within layouts/application (0.4ms)
Completed 200 OK in 10ms (Views: 9.2ms | ActiveRecord: 0.0ms)


Started GET "/hello_world" for ::1 at 2019-04-04 15:48:54 -0400
Processing by StaticController#hello_world as HTML
  Rendering static/application.html within layouts/application
  Rendered static/application.html within layouts/application (0.4ms)
Completed 200 OK in 29ms (Views: 28.3ms | ActiveRecord: 0.0ms)


